2020-03-12 14:00:27.033  INFO 51642 --- [main] lawpro.MyLawProApplication               : Starting MyLawProApplication on CA-TOR-WKSTQ2R0.globalservs.com with PID 51642 (/Users/jagdeep.singh/projects/Myportal/target/classes started by jagdeep.singh in /Users/jagdeep.singh/projects/Myportal)
2020-03-12 14:00:27.036  INFO 51642 --- [main] lawpro.MyLawProApplication               : The following profiles are active: dev
2020-03-12 14:00:29.753  INFO 51642 --- [main] .s.d.r.c.RepositoryConfigurationDelegate : Bootstrapping Spring Data repositories in DEFAULT mode.
2020-03-12 14:00:29.904  INFO 51642 --- [main] .s.d.r.c.RepositoryConfigurationDelegate : Finished Spring Data repository scanning in 137ms. Found 10 repository interfaces.
2020-03-12 14:00:31.040  INFO 51642 --- [main] trationDelegate$BeanPostProcessorChecker : Bean 'dynamoDBConfig' of type [lawpro.DynamoDBConfig$$EnhancerBySpringCGLIB$$252f63cc] is not eligible for getting processed by all BeanPostProcessors (for example: not eligible for auto-proxying)
2020-03-12 14:00:31.065  INFO 51642 --- [main] trationDelegate$BeanPostProcessorChecker : Bean 'amazonAWSCredentials' of type [com.amazonaws.auth.BasicAWSCredentials] is not eligible for getting processed by all BeanPostProcessors (for example: not eligible for auto-proxying)
2020-03-12 14:00:31.584  INFO 51642 --- [main] trationDelegate$BeanPostProcessorChecker : Bean 'amazonDynamoDB' of type [com.amazonaws.services.dynamodbv2.AmazonDynamoDBClient] is not eligible for getting processed by all BeanPostProcessors (for example: not eligible for auto-proxying)
2020-03-12 14:00:31.624  INFO 51642 --- [main] trationDelegate$BeanPostProcessorChecker : Bean 'dynamoDBMapperConfig' of type [com.amazonaws.services.dynamodbv2.datamodeling.DynamoDBMapperConfig] is not eligible for getting processed by all BeanPostProcessors (for example: not eligible for auto-proxying)
2020-03-12 14:00:32.263  INFO 51642 --- [main] o.s.b.w.embedded.tomcat.TomcatWebServer  : Tomcat initialized with port(s): 8080 (http)
2020-03-12 14:00:32.303  INFO 51642 --- [main] o.apache.catalina.core.StandardService   : Starting service [Tomcat]
2020-03-12 14:00:32.303  INFO 51642 --- [main] org.apache.catalina.core.StandardEngine  : Starting Servlet Engine: Apache Tomcat/9.0.12
2020-03-12 14:00:32.319  INFO 51642 --- [main] o.a.catalina.core.AprLifecycleListener   : The APR based Apache Tomcat Native library which allows optimal performance in production environments was not found on the java.library.path: [/Users/jagdeep.singh/Library/Java/Extensions:/Library/Java/Extensions:/Network/Library/Java/Extensions:/System/Library/Java/Extensions:/usr/lib/java:.]
2020-03-12 14:00:32.453  INFO 51642 --- [main] o.a.c.c.C.[Tomcat].[localhost].[/]       : Initializing Spring embedded WebApplicationContext
2020-03-12 14:00:32.453  INFO 51642 --- [main] o.s.web.context.ContextLoader            : Root WebApplicationContext: initialization completed in 4200 ms
2020-03-12 14:00:32.505  INFO 51642 --- [main] o.s.b.w.servlet.FilterRegistrationBean   : Mapping filter: 'characterEncodingFilter' to: [/*]
2020-03-12 14:00:32.506  INFO 51642 --- [main] o.s.b.w.servlet.FilterRegistrationBean   : Mapping filter: 'hiddenHttpMethodFilter' to: [/*]
2020-03-12 14:00:32.506  INFO 51642 --- [main] o.s.b.w.servlet.FilterRegistrationBean   : Mapping filter: 'formContentFilter' to: [/*]
2020-03-12 14:00:32.506  INFO 51642 --- [main] o.s.b.w.servlet.FilterRegistrationBean   : Mapping filter: 'requestContextFilter' to: [/*]
2020-03-12 14:00:32.506  INFO 51642 --- [main] .s.DelegatingFilterProxyRegistrationBean : Mapping filter: 'springSecurityFilterChain' to: [/*]
2020-03-12 14:00:32.507  INFO 51642 --- [main] o.s.b.w.servlet.ServletRegistrationBean  : Servlet dispatcherServlet mapped to [/]
2020-03-12 14:00:32.739  INFO 51642 --- [main] o.s.s.d.d.r.s.DynamoDBRepositoryFactory  : Spring Data DynamoDB Version: 5.1.0 (2.1)
2020-03-12 14:00:32.739  INFO 51642 --- [main] o.s.s.d.d.r.s.DynamoDBRepositoryFactory  : Spring Data Version:          2.1.2.RELEASE
2020-03-12 14:00:32.740  INFO 51642 --- [main] o.s.s.d.d.r.s.DynamoDBRepositoryFactory  : AWS SDK Version:              1.11.524
2020-03-12 14:00:32.740  INFO 51642 --- [main] o.s.s.d.d.r.s.DynamoDBRepositoryFactory  : Java Version:                 11.0.5 - OpenJDK 64-Bit Server VM 11.0.5+10-b520.38
2020-03-12 14:00:32.740  INFO 51642 --- [main] o.s.s.d.d.r.s.DynamoDBRepositoryFactory  : Platform Details:             Mac OS X 10.14.6
2020-03-12 14:00:33.430  INFO 51642 --- [main] o.s.s.web.DefaultSecurityFilterChain     : Creating filter chain: any request, [org.springframework.security.web.context.request.async.WebAsyncManagerIntegrationFilter@314f59b, org.springframework.security.web.context.SecurityContextPersistenceFilter@559fd5ec, org.springframework.security.web.header.HeaderWriterFilter@6c6379c, org.springframework.security.web.csrf.CsrfFilter@7433ca19, org.springframework.security.web.authentication.logout.LogoutFilter@329b331f, org.springframework.security.web.authentication.UsernamePasswordAuthenticationFilter@8f6b4ab, org.springframework.security.web.savedrequest.RequestCacheAwareFilter@708dfe10, org.springframework.security.web.servletapi.SecurityContextHolderAwareRequestFilter@5c8b10b4, org.springframework.security.web.authentication.rememberme.RememberMeAuthenticationFilter@770cae59, org.springframework.security.web.authentication.AnonymousAuthenticationFilter@63c99f7, org.springframework.security.web.session.SessionManagementFilter@2bfa17b0, org.springframework.security.web.access.ExceptionTranslationFilter@3b5da0b0, org.springframework.security.web.access.intercept.FilterSecurityInterceptor@4005e485]
2020-03-12 14:00:33.613  INFO 51642 --- [main] o.s.s.concurrent.ThreadPoolTaskExecutor  : Initializing ExecutorService 'applicationTaskExecutor'
2020-03-12 14:00:34.166  INFO 51642 --- [main] d.d.r.u.Entity2DynamoDBTableSynchronizer : Checking repository classes with DynamoDB tables adminUsers, persistentLogins, errors, userForms, forms, lookups, lookupValues, formQuestions, letterheads, adminUsers for ContextRefreshedEvent
2020-03-12 14:00:34.212  INFO 51642 --- [main] o.s.b.w.embedded.tomcat.TomcatWebServer  : Tomcat started on port(s): 8080 (http) with context path ''
2020-03-12 14:00:34.216  INFO 51642 --- [main] lawpro.MyLawProApplication               : Started MyLawProApplication in 8.846 seconds (JVM running for 11.556)
2020-03-12 14:02:02.543  INFO 51642 --- [http-nio-8080-exec-1] o.a.c.c.C.[Tomcat].[localhost].[/]       : Initializing Spring DispatcherServlet 'dispatcherServlet'
2020-03-12 14:02:02.544  INFO 51642 --- [http-nio-8080-exec-1] o.s.web.servlet.DispatcherServlet        : Initializing Servlet 'dispatcherServlet'
2020-03-12 14:02:02.555  INFO 51642 --- [http-nio-8080-exec-1] o.s.web.servlet.DispatcherServlet        : Completed initialization in 11 ms
2020-03-12 14:02:02.962  WARN 51642 --- [http-nio-8080-exec-1] n.n.u.t.expressions.ExpressionProcessor  : Fragment expression "layout/main" is being wrapped as a Thymeleaf 3 fragment expression (~{...}) for backwards compatibility purposes.  This wrapping will be dropped in the next major version of the expression processor, so please rewrite as a Thymeleaf 3 fragment expression to future-proof your code.  See https://github.com/thymeleaf/thymeleaf/issues/451 for more information.
